<?xml version="1.0" encoding="UTF-8"?>
<testng-results ignored="0" total="1" passed="1" failed="0" skipped="0">
  <reporter-output>
  </reporter-output>
  <suite started-at="2023-01-06T20:08:36 IST" name="Suite" finished-at="2023-01-06T20:08:51 IST" duration-ms="14628">
    <groups>
    </groups>
    <test started-at="2023-01-06T20:08:36 IST" name="Test" finished-at="2023-01-06T20:08:51 IST" duration-ms="14628">
      <class name="testCases.LaunchApplication">
        <test-method is-config="true" signature="init()[pri:0, instance:testCases.LaunchApplication@247d8ae]" started-at="2023-01-06T20:08:36 IST" name="init" finished-at="2023-01-06T20:08:50 IST" duration-ms="13349" status="PASS">
          <reporter-output>
          </reporter-output>
        </test-method> <!-- init -->
        <test-method signature="validateApplicationIsLaunched()[pri:0, instance:testCases.LaunchApplication@247d8ae]" started-at="2023-01-06T20:08:50 IST" name="validateApplicationIsLaunched" finished-at="2023-01-06T20:08:50 IST" duration-ms="27" status="PASS">
          <reporter-output>
          </reporter-output>
        </test-method> <!-- validateApplicationIsLaunched -->
        <test-method is-config="true" signature="stop()[pri:0, instance:testCases.LaunchApplication@247d8ae]" started-at="2023-01-06T20:08:50 IST" name="stop" finished-at="2023-01-06T20:08:51 IST" duration-ms="1184" status="PASS">
          <reporter-output>
          </reporter-output>
        </test-method> <!-- stop -->
      </class> <!-- testCases.LaunchApplication -->
    </test> <!-- Test -->
  </suite> <!-- Suite -->
</testng-results>
